<?xml version="1.0" encoding="UTF-8"?>
<!-- Generated by org.testng.reporters.JUnitReportReporter -->
<testsuite hostname="DESKTOP-JCD9SQ1" failures="0" tests="2" name="project2.class1" time="0.840" errors="0" timestamp="2023-10-23T23:12:42 TRT" skipped="1">
  <testcase classname="project2.class1" name="mytest" time="0.840"/>
  <testcase classname="project2.class1" name="addItemToCard">
    <skipped/>
  </testcase> <!-- addItemToCard -->
</testsuite> <!-- project2.class1 -->
